[debug] [2024-02-28T06:46:45.178Z] ----------------------------------------------------------------------
[debug] [2024-02-28T06:46:45.182Z] Command:       C:\Program Files\nodejs\node.exe C:\Users\91776\AppData\Roaming\npm\node_modules\firebase-tools\lib\bin\firebase.js deploy
[debug] [2024-02-28T06:46:45.182Z] CLI Version:   13.3.1
[debug] [2024-02-28T06:46:45.182Z] Platform:      win32
[debug] [2024-02-28T06:46:45.183Z] Node Version:  v21.6.0
[debug] [2024-02-28T06:46:45.183Z] Time:          Wed Feb 28 2024 12:16:45 GMT+0530 (India Standard Time)
[debug] [2024-02-28T06:46:45.183Z] ----------------------------------------------------------------------
[debug] 
[debug] [2024-02-28T08:12:31.307Z] > command requires scopes: ["email","openid","https://www.googleapis.com/auth/cloudplatformprojects.readonly","https://www.googleapis.com/auth/firebase","https://www.googleapis.com/auth/cloud-platform"]
[debug] [2024-02-28T08:12:31.309Z] > authorizing via signed-in user (bikashc043@gmail.com)
[debug] [2024-02-28T08:12:31.309Z] [iam] checking project netflix-clone-d27a4 for permissions ["firebase.projects.get","firebasehosting.sites.update"]
[debug] [2024-02-28T08:12:31.941Z] > refreshing access token with scopes: []
[debug] [2024-02-28T08:12:31.948Z] >>> [apiv2][query] POST https://www.googleapis.com/oauth2/v3/token [none]
[debug] [2024-02-28T08:12:31.948Z] >>> [apiv2][body] POST https://www.googleapis.com/oauth2/v3/token [omitted]
[debug] [2024-02-28T08:12:34.570Z] <<< [apiv2][status] POST https://www.googleapis.com/oauth2/v3/token 200
[debug] [2024-02-28T08:12:34.570Z] <<< [apiv2][body] POST https://www.googleapis.com/oauth2/v3/token [omitted]
[debug] [2024-02-28T08:12:34.928Z] >>> [apiv2][query] POST https://cloudresourcemanager.googleapis.com/v1/projects/netflix-clone-d27a4:testIamPermissions [none]
[debug] [2024-02-28T08:12:34.928Z] >>> [apiv2][(partial)header] POST https://cloudresourcemanager.googleapis.com/v1/projects/netflix-clone-d27a4:testIamPermissions x-goog-quota-user=projects/netflix-clone-d27a4
[debug] [2024-02-28T08:12:34.928Z] >>> [apiv2][body] POST https://cloudresourcemanager.googleapis.com/v1/projects/netflix-clone-d27a4:testIamPermissions {"permissions":["firebase.projects.get","firebasehosting.sites.update"]}
[debug] [2024-02-28T08:12:37.037Z] <<< [apiv2][status] POST https://cloudresourcemanager.googleapis.com/v1/projects/netflix-clone-d27a4:testIamPermissions 200
[debug] [2024-02-28T08:12:37.037Z] <<< [apiv2][body] POST https://cloudresourcemanager.googleapis.com/v1/projects/netflix-clone-d27a4:testIamPermissions {"permissions":["firebase.projects.get","firebasehosting.sites.update"]}
[debug] [2024-02-28T08:12:37.039Z] >>> [apiv2][query] GET https://firebase.googleapis.com/v1beta1/projects/netflix-clone-d27a4 [none]
[debug] [2024-02-28T08:12:37.828Z] <<< [apiv2][status] GET https://firebase.googleapis.com/v1beta1/projects/netflix-clone-d27a4 200
